1,1.3.6.1.4.1.14519.5.2.1.6279.6001.105756658031515062000744821260
2,1.3.6.1.4.1.14519.5.2.1.6279.6001.108197895896446896160048741492
3,1.3.6.1.4.1.14519.5.2.1.6279.6001.109002525524522225658609808059
4,1.3.6.1.4.1.14519.5.2.1.6279.6001.111172165674661221381920536987
5,1.3.6.1.4.1.14519.5.2.1.6279.6001.122763913896761494371822656720
6,1.3.6.1.4.1.14519.5.2.1.6279.6001.124154461048929153767743874565
7,1.3.6.1.4.1.14519.5.2.1.6279.6001.126121460017257137098781143514
8,1.3.6.1.4.1.14519.5.2.1.6279.6001.126264578931778258890371755354
9,1.3.6.1.4.1.14519.5.2.1.6279.6001.128023902651233986592378348912
10,1.3.6.1.4.1.14519.5.2.1.6279.6001.129055977637338639741695800950
11,1.3.6.1.4.1.14519.5.2.1.6279.6001.130438550890816550994739120843
12,1.3.6.1.4.1.14519.5.2.1.6279.6001.134996872583497382954024478441
13,1.3.6.1.4.1.14519.5.2.1.6279.6001.137763212752154081977261297097
14,1.3.6.1.4.1.14519.5.2.1.6279.6001.138080888843357047811238713686
15,1.3.6.1.4.1.14519.5.2.1.6279.6001.139258777898746693365877042411
16,1.3.6.1.4.1.14519.5.2.1.6279.6001.139713436241461669335487719526
17,1.3.6.1.4.1.14519.5.2.1.6279.6001.141069661700670042960678408762
18,1.3.6.1.4.1.14519.5.2.1.6279.6001.144438612068946916340281098509
19,1.3.6.1.4.1.14519.5.2.1.6279.6001.146429221666426688999739595820
20,1.3.6.1.4.1.14519.5.2.1.6279.6001.154677396354641150280013275227
21,1.3.6.1.4.1.14519.5.2.1.6279.6001.187451715205085403623595258748
22,1.3.6.1.4.1.14519.5.2.1.6279.6001.188209889686363159853715266493
23,1.3.6.1.4.1.14519.5.2.1.6279.6001.188376349804761988217597754952
24,1.3.6.1.4.1.14519.5.2.1.6279.6001.194440094986948071643661798326
25,1.3.6.1.4.1.14519.5.2.1.6279.6001.194465340552956447447896167830
26,1.3.6.1.4.1.14519.5.2.1.6279.6001.202811684116768680758082619196
27,1.3.6.1.4.1.14519.5.2.1.6279.6001.210837812047373739447725050963
28,1.3.6.1.4.1.14519.5.2.1.6279.6001.213140617640021803112060161074
29,1.3.6.1.4.1.14519.5.2.1.6279.6001.216882370221919561230873289517
30,1.3.6.1.4.1.14519.5.2.1.6279.6001.219087313261026510628926082729
31,1.3.6.1.4.1.14519.5.2.1.6279.6001.219909753224298157409438012179
32,1.3.6.1.4.1.14519.5.2.1.6279.6001.227962600322799211676960828223
33,1.3.6.1.4.1.14519.5.2.1.6279.6001.231645134739451754302647733304
34,1.3.6.1.4.1.14519.5.2.1.6279.6001.238522526736091851696274044574
35,1.3.6.1.4.1.14519.5.2.1.6279.6001.241570579760883349458693655367
36,1.3.6.1.4.1.14519.5.2.1.6279.6001.249530219848512542668813996730
37,1.3.6.1.4.1.14519.5.2.1.6279.6001.250438451287314206124484591986
38,1.3.6.1.4.1.14519.5.2.1.6279.6001.250863365157630276148828903732
39,1.3.6.1.4.1.14519.5.2.1.6279.6001.269689294231892620436462818860
40,1.3.6.1.4.1.14519.5.2.1.6279.6001.272042302501586336192628818865
41,1.3.6.1.4.1.14519.5.2.1.6279.6001.277445975068759205899107114231
42,1.3.6.1.4.1.14519.5.2.1.6279.6001.278660284797073139172446973682
43,1.3.6.1.4.1.14519.5.2.1.6279.6001.280972147860943609388015648430
44,1.3.6.1.4.1.14519.5.2.1.6279.6001.281489753704424911132261151767
45,1.3.6.1.4.1.14519.5.2.1.6279.6001.293757615532132808762625441831
46,1.3.6.1.4.1.14519.5.2.1.6279.6001.294188507421106424248264912111
47,1.3.6.1.4.1.14519.5.2.1.6279.6001.295298571102631191572192562523
48,1.3.6.1.4.1.14519.5.2.1.6279.6001.295420274214095686326263147663
49,1.3.6.1.4.1.14519.5.2.1.6279.6001.302134342469412607966016057827
50,1.3.6.1.4.1.14519.5.2.1.6279.6001.303421828981831854739626597495
51,1.3.6.1.4.1.14519.5.2.1.6279.6001.305858704835252413616501469037
52,1.3.6.1.4.1.14519.5.2.1.6279.6001.310548927038333190233889983845
53,1.3.6.1.4.1.14519.5.2.1.6279.6001.310626494937915759224334597176
54,1.3.6.1.4.1.14519.5.2.1.6279.6001.311981398931043315779172047718
55,1.3.6.1.4.1.14519.5.2.1.6279.6001.313334055029671473836954456733
56,1.3.6.1.4.1.14519.5.2.1.6279.6001.313605260055394498989743099991
57,1.3.6.1.4.1.14519.5.2.1.6279.6001.313835996725364342034830119490
58,1.3.6.1.4.1.14519.5.2.1.6279.6001.317087518531899043292346860596
59,1.3.6.1.4.1.14519.5.2.1.6279.6001.323302986710576400812869264321
60,1.3.6.1.4.1.14519.5.2.1.6279.6001.323859712968543712594665815359
61,1.3.6.1.4.1.14519.5.2.1.6279.6001.332453873575389860371315979768
62,1.3.6.1.4.1.14519.5.2.1.6279.6001.333145094436144085379032922488
63,1.3.6.1.4.1.14519.5.2.1.6279.6001.334517907433161353885866806005
64,1.3.6.1.4.1.14519.5.2.1.6279.6001.395623571499047043765181005112
65,1.3.6.1.4.1.14519.5.2.1.6279.6001.397062004302272014259317520874
66,1.3.6.1.4.1.14519.5.2.1.6279.6001.404364125369979066736354549484
67,1.3.6.1.4.1.14519.5.2.1.6279.6001.417815314896088956784723476543
68,1.3.6.1.4.1.14519.5.2.1.6279.6001.430109407146633213496148200410
69,1.3.6.1.4.1.14519.5.2.1.6279.6001.450501966058662668272378865145
70,1.3.6.1.4.1.14519.5.2.1.6279.6001.511347030803753100045216493273
71,1.3.6.1.4.1.14519.5.2.1.6279.6001.525937963993475482158828421281
72,1.3.6.1.4.1.14519.5.2.1.6279.6001.534006575256943390479252771547
73,1.3.6.1.4.1.14519.5.2.1.6279.6001.534083630500464995109143618896
74,1.3.6.1.4.1.14519.5.2.1.6279.6001.564534197011295112247542153557
75,1.3.6.1.4.1.14519.5.2.1.6279.6001.566816709786169715745131047975
76,1.3.6.1.4.1.14519.5.2.1.6279.6001.621916089407825046337959219998
77,1.3.6.1.4.1.14519.5.2.1.6279.6001.640729228179368154416184318668
78,1.3.6.1.4.1.14519.5.2.1.6279.6001.657775098760536289051744981056
79,1.3.6.1.4.1.14519.5.2.1.6279.6001.716498695101447665580610403574
80,1.3.6.1.4.1.14519.5.2.1.6279.6001.724251104254976962355686318345
81,1.3.6.1.4.1.14519.5.2.1.6279.6001.752756872840730509471096155114
82,1.3.6.1.4.1.14519.5.2.1.6279.6001.805925269324902055566754756843
83,1.3.6.1.4.1.14519.5.2.1.6279.6001.826812708000318290301835871780
84,1.3.6.1.4.1.14519.5.2.1.6279.6001.832260670372728970918746541371
85,1.3.6.1.4.1.14519.5.2.1.6279.6001.868211851413924881662621747734
86,1.3.6.1.4.1.14519.5.2.1.6279.6001.898642529028521482602829374444
87,1.3.6.1.4.1.14519.5.2.1.6279.6001.905371958588660410240398317235
88,1.3.6.1.4.1.14519.5.2.1.6279.6001.975254950136384517744116790879
89,1.3.6.1.4.1.14519.5.2.1.6279.6001.979083010707182900091062408058